<?xml version="1.0" encoding="UTF-8"?>
<!-- Generated by org.testng.reporters.JUnitXMLReporter -->
<testsuite ignored="0" hostname="DESKTOP-DO4RSNU" failures="0" tests="1" name="LaunchWebSitePageTest-Edge" time="0.196" errors="0" timestamp="2023-12-28T12:27:47 IST">
  <testcase classname="caw.studios.base.BaseTests" name="@BeforeTest initializeDriver" time="0.022">
    <failure type="java.lang.Error" message="Unresolved compilation problems: 
	LaunchWebsitePageTestResources cannot be resolved
	LaunchWebsitePageTestResources cannot be resolved
	LaunchWebsitePageTestResources cannot be resolved
	LaunchWebsitePageTestResources cannot be resolved
">
      <![CDATA[java.lang.Error: Unresolved compilation problems: 
LaunchWebsitePageTestResources cannot be resolved
LaunchWebsitePageTestResources cannot be resolved
LaunchWebsitePageTestResources cannot be resolved
LaunchWebsitePageTestResources cannot be resolved

at caw.studios.base.BaseTests.initializeDriver(BaseTests.java:45)
at java.base/java.util.concurrent.FutureTask.run(FutureTask.java:317)
at java.base/java.util.concurrent.ThreadPoolExecutor.runWorker(ThreadPoolExecutor.java:1144)
at java.base/java.util.concurrent.ThreadPoolExecutor$Worker.run(ThreadPoolExecutor.java:642)
at java.base/java.lang.Thread.run(Thread.java:1589)
... Removed 13 stack frames]]>
    </failure>
  </testcase> <!-- @BeforeTest initializeDriver -->
  <testcase classname="caw.studios.testcases.web.LaunchWebSitePageTest" name="@BeforeClass launchWebsite" time="-1.703746667591E9">
    <skipped/>
  </testcase> <!-- @BeforeClass launchWebsite -->
  <testcase classname="caw.studios.base.BaseTests" name="@AfterTest tearDown" time="0.004">
    <failure type="java.lang.NullPointerException" message="Cannot invoke &amp;quot;org.openqa.selenium.WebDriver.manage()&amp;quot; because the return value of &amp;quot;java.lang.ThreadLocal.get()&amp;quot; is null">
      <![CDATA[java.lang.NullPointerException: Cannot invoke "org.openqa.selenium.WebDriver.manage()" because the return value of "java.lang.ThreadLocal.get()" is null
at caw.studios.base.BaseTests.tearDown(BaseTests.java:176)
at java.base/java.util.concurrent.FutureTask.run(FutureTask.java:317)
at java.base/java.util.concurrent.ThreadPoolExecutor.runWorker(ThreadPoolExecutor.java:1144)
at java.base/java.util.concurrent.ThreadPoolExecutor$Worker.run(ThreadPoolExecutor.java:642)
at java.base/java.lang.Thread.run(Thread.java:1589)
... Removed 13 stack frames]]>
    </failure>
  </testcase> <!-- @AfterTest tearDown -->
  <testcase classname="caw.studios.testcases.web.LaunchWebSitePageTest" name="launchWebSiteFunctionalityCheck" time="0.0">
    <skipped/>
  </testcase> <!-- launchWebSiteFunctionalityCheck -->
</testsuite> <!-- LaunchWebSitePageTest-Edge -->
